<?xml version="1.0" encoding="UTF-8"?>
<!-- Generated by org.testng.reporters.JUnitXMLReporter -->
<testsuite hostname="Avirajs-MacBook-Air.local" failures="0" tests="3" name="ChromeTest" time="0.436" errors="0" timestamp="27 Jun 2022 07:08:45 GMT">
  <testcase classname="Heirachy.HC_Company_Creation_01" name="@BeforeTest launchApplication" time="0.0">
    <failure type="org.apache.poi.POIXMLException" message="org.apache.poi.openxml4j.exceptions.InvalidOperationException: You can&amp;apos;t add a part with a part name derived from another part ! [M1.11]">
      <![CDATA[org.apache.poi.POIXMLException: org.apache.poi.openxml4j.exceptions.InvalidOperationException: You can't add a part with a part name derived from another part ! [M1.11]
	at org.apache.poi.POIXMLDocumentPart.createRelationship(POIXMLDocumentPart.java:533)
	at org.apache.poi.xssf.usermodel.XSSFWorkbook.createSheet(XSSFWorkbook.java:876)
	at utils.ExcelLibraries.createExcel(ExcelLibraries.java:78)
	at base.TestBase.launchApplication(TestBase.java:134)
	at java.base/java.util.concurrent.FutureTask.run(FutureTask.java:264)
	at java.base/java.util.concurrent.ThreadPoolExecutor.runWorker(ThreadPoolExecutor.java:1130)
	at java.base/java.util.concurrent.ThreadPoolExecutor$Worker.run(ThreadPoolExecutor.java:630)
	at java.base/java.lang.Thread.run(Thread.java:831)
Caused by: org.apache.poi.openxml4j.exceptions.InvalidOperationException: You can't add a part with a part name derived from another part ! [M1.11]
	at org.apache.poi.openxml4j.opc.PackagePartCollection.put(PackagePartCollection.java:63)
	at org.apache.poi.openxml4j.opc.OPCPackage.createPart(OPCPackage.java:896)
	at org.apache.poi.openxml4j.opc.OPCPackage.createPart(OPCPackage.java:833)
	at org.apache.poi.POIXMLDocumentPart.createRelationship(POIXMLDocumentPart.java:513)
	... 21 more
... Removed 14 stack frames]]>
    </failure>
  </testcase> <!-- @BeforeTest launchApplication -->
  <testcase classname="Heirachy.HC_Company_Creation_01" name="@BeforeMethod getFunctionName" time="0.0">
    <skipped/>
  </testcase> <!-- @BeforeMethod getFunctionName -->
  <testcase classname="Heirachy.HC_Company_Creation_01" name="@BeforeMethod getFunctionName" time="0.0">
    <skipped/>
  </testcase> <!-- @BeforeMethod getFunctionName -->
  <testcase classname="Heirachy.HC_Company_Creation_01" name="@BeforeMethod getFunctionName" time="0.0">
    <skipped/>
  </testcase> <!-- @BeforeMethod getFunctionName -->
  <testcase classname="Heirachy.HC_Company_Creation_01" name="@AfterTest tearDown" time="0.0">
    <skipped/>
  </testcase> <!-- @AfterTest tearDown -->
  <testcase classname="Heirachy.HC_Company_Creation_01" name="loginTest" time="0.005">
    <skipped/>
  </testcase> <!-- loginTest -->
  <testcase classname="Heirachy.HC_Company_Creation_01" name="createCompnay" time="0.006">
    <skipped/>
  </testcase> <!-- createCompnay -->
  <testcase classname="Heirachy.HC_Company_Creation_01" name="checkNewAccount" time="0.0">
    <skipped/>
  </testcase> <!-- checkNewAccount -->
</testsuite> <!-- ChromeTest -->
