<?xml version="1.0" encoding="UTF-8"?>
<!-- Generated by org.testng.reporters.JUnitXMLReporter -->
<testsuite hostname="Avirajs-MacBook-Air-2.local" failures="2" tests="2" name="Test" time="31.319" errors="0" timestamp="24 Jul 2022 16:10:49 GMT">
  <testcase classname="newTestcase.Tc001_Portfolio_Test" name="@AfterTest tearDown" time="0.0">
    <failure type="java.lang.NoSuchMethodError" message="&amp;apos;java.util.Optional org.openqa.selenium.devtools.HasDevTools.maybeGetDevTools()&amp;apos;">
      <![CDATA[java.lang.NoSuchMethodError: 'java.util.Optional org.openqa.selenium.devtools.HasDevTools.maybeGetDevTools()'
	at org.openqa.selenium.remote.RemoteWebDriver.close(RemoteWebDriver.java:441)
	at org.openqa.selenium.support.events.EventFiringWebDriver.lambda$new$1(EventFiringWebDriver.java:115)
	at jdk.proxy2/jdk.proxy2.$Proxy17.close(Unknown Source)
	at org.openqa.selenium.support.events.EventFiringWebDriver.close(EventFiringWebDriver.java:216)
	at base.TestBase.tearDown(TestBase.java:213)
... Removed 26 stack frames]]>
    </failure>
  </testcase> <!-- @AfterTest tearDown -->
  <testcase classname="newTestcase.Tc001_Portfolio_Test" name="RequireLogin" time="0.966">
    <failure type="java.lang.IllegalArgumentException" message="Keys to send should be a not null CharSequence">
      <![CDATA[java.lang.IllegalArgumentException: Keys to send should be a not null CharSequence
	at org.openqa.selenium.remote.RemoteWebElement.sendKeys(RemoteWebElement.java:92)
	at org.openqa.selenium.support.events.EventFiringWebDriver$EventFiringWebElement.lambda$new$0(EventFiringWebDriver.java:414)
	at jdk.proxy2/jdk.proxy2.$Proxy23.sendKeys(Unknown Source)
	at org.openqa.selenium.support.events.EventFiringWebDriver$EventFiringWebElement.sendKeys(EventFiringWebDriver.java:439)
	at org.openqa.selenium.support.pagefactory.internal.LocatingElementHandler.invoke(LocatingElementHandler.java:52)
	at jdk.proxy2/jdk.proxy2.$Proxy21.sendKeys(Unknown Source)
	at pages.LoginPage.setUsername(LoginPage.java:108)
	at pages.LoginPage.loginActivity(LoginPage.java:181)
	at base.TestBase.RequireLogin(TestBase.java:344)
... Removed 32 stack frames]]>
    </failure>
  </testcase> <!-- RequireLogin -->
  <testcase classname="newTestcase.Tc001_Portfolio_Test" name="portfolioTest" time="0.002">
    <failure type="java.lang.NullPointerException" message="Cannot invoke &amp;quot;pages.PortFolioPage.selectLoanbyNumber(String, String, String)&amp;quot; because &amp;quot;this.objPort&amp;quot; is null">
      <![CDATA[java.lang.NullPointerException: Cannot invoke "pages.PortFolioPage.selectLoanbyNumber(String, String, String)" because "this.objPort" is null
	at newTestcase.Tc001_Portfolio_Test.portfolioTest(Tc001_Portfolio_Test.java:13)
... Removed 24 stack frames]]>
    </failure>
  </testcase> <!-- portfolioTest -->
</testsuite> <!-- Test -->
