<?xml version="1.0" encoding="UTF-8"?>
<!-- Generated by org.testng.reporters.JUnitXMLReporter -->
<testsuite hostname="Avirajs-MacBook-Air.local" failures="0" tests="2" name="Test2" time="1.172" errors="0" timestamp="27 Jun 2022 07:04:47 GMT">
  <testcase classname="Heirachy.HC_Create_User_2" name="@BeforeTest launchApplication" time="0.0">
    <failure type="java.lang.NullPointerException" message="Cannot invoke &amp;quot;Object.toString()&amp;quot; because the return value of &amp;quot;org.apache.poi.ss.usermodel.Row.getCell(int)&amp;quot; is null">
      <![CDATA[java.lang.NullPointerException: Cannot invoke "Object.toString()" because the return value of "org.apache.poi.ss.usermodel.Row.getCell(int)" is null
	at utils.ExcelLibraries.getTestColValue(ExcelLibraries.java:472)
	at base.TestBase.launchApplication(TestBase.java:140)
	at java.base/java.util.concurrent.FutureTask.run(FutureTask.java:264)
	at java.base/java.util.concurrent.ThreadPoolExecutor.runWorker(ThreadPoolExecutor.java:1130)
	at java.base/java.util.concurrent.ThreadPoolExecutor$Worker.run(ThreadPoolExecutor.java:630)
	at java.base/java.lang.Thread.run(Thread.java:831)
... Removed 14 stack frames]]>
    </failure>
  </testcase> <!-- @BeforeTest launchApplication -->
  <testcase classname="Heirachy.HC_Create_User_2" name="@BeforeMethod getFunctionName" time="0.0">
    <skipped/>
  </testcase> <!-- @BeforeMethod getFunctionName -->
  <testcase classname="Heirachy.HC_Create_User_2" name="@BeforeMethod getFunctionName" time="0.0">
    <skipped/>
  </testcase> <!-- @BeforeMethod getFunctionName -->
  <testcase classname="Heirachy.HC_Create_User_2" name="@AfterTest tearDown" time="0.0">
    <skipped/>
  </testcase> <!-- @AfterTest tearDown -->
  <testcase classname="Heirachy.HC_Create_User_2" name="loginTest" time="0.0">
    <skipped/>
  </testcase> <!-- loginTest -->
  <testcase classname="Heirachy.HC_Create_User_2" name="createCompnay" time="0.005">
    <skipped/>
  </testcase> <!-- createCompnay -->
</testsuite> <!-- Test2 -->
