<?xml version="1.0" encoding="UTF-8"?>
<testng-results total="2" passed="2" failed="0" skipped="0">
  <reporter-output>
    <line>
      <![CDATA[Trying to find Element By : By.xpath: //button[@id='login-btn-lp']]]>
    </line>
    <line>
      <![CDATA[Found Element By : By.xpath: //button[@id='login-btn-lp']]]>
    </line>
    <line>
      <![CDATA[Trying to find Element By : By.xpath: //input[@name='username']]]>
    </line>
    <line>
      <![CDATA[Found Element By : By.xpath: //input[@name='username']]]>
    </line>
    <line>
      <![CDATA[Trying to find Element By : By.xpath: //input[@name='username']]]>
    </line>
    <line>
      <![CDATA[Found Element By : By.xpath: //input[@name='username']]]>
    </line>
    <line>
      <![CDATA[Trying to find Element By : By.xpath: //input[@id='pass-field']]]>
    </line>
    <line>
      <![CDATA[Found Element By : By.xpath: //input[@id='pass-field']]]>
    </line>
    <line>
      <![CDATA[Trying to find Element By : By.xpath: //input[@id='pass-field']]]>
    </line>
    <line>
      <![CDATA[Found Element By : By.xpath: //input[@id='pass-field']]]>
    </line>
    <line>
      <![CDATA[Trying to find Element By : By.xpath: //button[normalize-space()='Login']]]>
    </line>
    <line>
      <![CDATA[Found Element By : By.xpath: //button[normalize-space()='Login']]]>
    </line>
    <line>
      <![CDATA[Before navigating to: 'https://yopmail.com']]>
    </line>
    <line>
      <![CDATA[Navigated to:'https://yopmail.com']]>
    </line>
    <line>
      <![CDATA[Trying to find Element By : By.xpath: 	//input[@id='login']]]>
    </line>
    <line>
      <![CDATA[Found Element By : By.xpath: 	//input[@id='login']]]>
    </line>
    <line>
      <![CDATA[Trying to find Element By : By.xpath: //body//div[@class='mctn']//div]]>
    </line>
    <line>
      <![CDATA[Found Element By : By.xpath: //body//div[@class='mctn']//div]]>
    </line>
    <line>
      <![CDATA[Trying to find Element By : By.cssSelector: span[class='ellipsis']]]>
    </line>
    <line>
      <![CDATA[Found Element By : By.cssSelector: span[class='ellipsis']]]>
    </line>
    <line>
      <![CDATA[Trying to find Element By : By.cssSelector: span[class='ellipsis']]]>
    </line>
    <line>
      <![CDATA[Found Element By : By.cssSelector: span[class='ellipsis']]]>
    </line>
    <line>
      <![CDATA[Trying to find Element By : By.xpath: //tbody//tr[2]/td[1]//p]]>
    </line>
    <line>
      <![CDATA[Found Element By : By.xpath: //tbody//tr[2]/td[1]//p]]>
    </line>
    <line>
      <![CDATA[Trying to find Element By : By.xpath: //input[@id='pass-field']]]>
    </line>
    <line>
      <![CDATA[Found Element By : By.xpath: //input[@id='pass-field']]]>
    </line>
    <line>
      <![CDATA[Trying to find Element By : By.cssSelector: #login-btn-lp[type='submit']]]>
    </line>
    <line>
      <![CDATA[Found Element By : By.cssSelector: #login-btn-lp[type='submit']]]>
    </line>
    <line>
      <![CDATA[Trying to find Element By : By.xpath: //span[@class='capitalize mv-short']]]>
    </line>
    <line>
      <![CDATA[Found Element By : By.xpath: //span[@class='capitalize mv-short']]]>
    </line>
    <line>
      <![CDATA[Trying to find Element By : By.xpath: //table[@class='capitalize admin_portfolio_table table']//tbody//tr[1]//td[1]//a]]>
    </line>
    <line>
      <![CDATA[Exception occured: org.openqa.selenium.NoSuchElementException: no such element: Unable to locate element: {"method":"xpath","selector":"//table[@class='capitalize admin_portfolio_table table']//tbody//tr[1]//td[1]//a"}
  (Session info: chrome=97.0.4692.71)
For documentation on this error, please visit: https://selenium.dev/exceptions/#no_such_element
Build info: version: '4.0.0-rc-1', revision: 'bc5511cbda'
System info: host: 'Avirajs-MacBook-Air.local', ip: 'fe80:0:0:0:87f:e35f:eda8:767e%en0', os.name: 'Mac OS X', os.arch: 'x86_64', os.version: '11.1', java.version: '16.0.2'
Driver info: org.openqa.selenium.chrome.ChromeDriver
Command: [db4afcfa2c1799d6c040f7d04dc2fada, findElement {using=xpath, value=//table[@class='capitalize admin_portfolio_table table']//tbody//tr[1]//td[1]//a}]
Capabilities {acceptInsecureCerts: false, browserName: chrome, browserVersion: 97.0.4692.71, chrome: {chromedriverVersion: 97.0.4692.36 (747e0a0f19c13..., userDataDir: /var/folders/26/gxg2cjsd2dl...}, goog:chromeOptions: {debuggerAddress: localhost:64794}, javascriptEnabled: true, networkConnectionEnabled: false, pageLoadStrategy: normal, platform: MAC, platformName: MAC, proxy: Proxy(), se:cdp: ws://localhost:64794/devtoo..., se:cdpVersion: 97.0.4692.71, setWindowRect: true, strictFileInteractability: false, timeouts: {implicit: 0, pageLoad: 300000, script: 30000}, unhandledPromptBehavior: dismiss and notify, webauthn:extension:credBlob: true, webauthn:extension:largeBlob: true, webauthn:virtualAuthenticators: true}
Session ID: db4afcfa2c1799d6c040f7d04dc2fada]]>
    </line>
    <line>
      <![CDATA[Trying to find Element By : By.xpath: //table[@class='capitalize admin_portfolio_table table']//tbody//tr[1]//td[1]//a]]>
    </line>
    <line>
      <![CDATA[Exception occured: org.openqa.selenium.NoSuchElementException: no such element: Unable to locate element: {"method":"xpath","selector":"//table[@class='capitalize admin_portfolio_table table']//tbody//tr[1]//td[1]//a"}
  (Session info: chrome=97.0.4692.71)
For documentation on this error, please visit: https://selenium.dev/exceptions/#no_such_element
Build info: version: '4.0.0-rc-1', revision: 'bc5511cbda'
System info: host: 'Avirajs-MacBook-Air.local', ip: 'fe80:0:0:0:87f:e35f:eda8:767e%en0', os.name: 'Mac OS X', os.arch: 'x86_64', os.version: '11.1', java.version: '16.0.2'
Driver info: org.openqa.selenium.chrome.ChromeDriver
Command: [db4afcfa2c1799d6c040f7d04dc2fada, findElement {using=xpath, value=//table[@class='capitalize admin_portfolio_table table']//tbody//tr[1]//td[1]//a}]
Capabilities {acceptInsecureCerts: false, browserName: chrome, browserVersion: 97.0.4692.71, chrome: {chromedriverVersion: 97.0.4692.36 (747e0a0f19c13..., userDataDir: /var/folders/26/gxg2cjsd2dl...}, goog:chromeOptions: {debuggerAddress: localhost:64794}, javascriptEnabled: true, networkConnectionEnabled: false, pageLoadStrategy: normal, platform: MAC, platformName: MAC, proxy: Proxy(), se:cdp: ws://localhost:64794/devtoo..., se:cdpVersion: 97.0.4692.71, setWindowRect: true, strictFileInteractability: false, timeouts: {implicit: 0, pageLoad: 300000, script: 30000}, unhandledPromptBehavior: dismiss and notify, webauthn:extension:credBlob: true, webauthn:extension:largeBlob: true, webauthn:virtualAuthenticators: true}
Session ID: db4afcfa2c1799d6c040f7d04dc2fada]]>
    </line>
    <line>
      <![CDATA[Trying to find Element By : By.xpath: //table[@class='capitalize admin_portfolio_table table']//tbody//tr[1]//td[1]//a]]>
    </line>
    <line>
      <![CDATA[Found Element By : By.xpath: //table[@class='capitalize admin_portfolio_table table']//tbody//tr[1]//td[1]//a]]>
    </line>
    <line>
      <![CDATA[Trying to find Element By : By.xpath: //table[@class='capitalize admin_portfolio_table table']//tbody//tr[1]//td[1]//a]]>
    </line>
    <line>
      <![CDATA[Found Element By : By.xpath: //table[@class='capitalize admin_portfolio_table table']//tbody//tr[1]//td[1]//a]]>
    </line>
    <line>
      <![CDATA[Trying to find Element By : By.xpath: //body/div[@id='root']/div[1]/div[2]/main[1]/div[1]/div[1]/div[5]/div[1]/div[1]/div[1]/div[1]]]>
    </line>
    <line>
      <![CDATA[Found Element By : By.xpath: //body/div[@id='root']/div[1]/div[2]/main[1]/div[1]/div[1]/div[5]/div[1]/div[1]/div[1]/div[1]]]>
    </line>
    <line>
      <![CDATA[Trying to find Element By : By.xpath: //div[@id='allocation_dropdown']//button[@id='dropdown_toggle']]]>
    </line>
    <line>
      <![CDATA[Found Element By : By.xpath: //div[@id='allocation_dropdown']//button[@id='dropdown_toggle']]]>
    </line>
    <line>
      <![CDATA[Trying to find Element By : By.xpath: //div[@class='dropdown-menu show']//button[2]]]>
    </line>
    <line>
      <![CDATA[Found Element By : By.xpath: //div[@class='dropdown-menu show']//button[2]]]>
    </line>
    <line>
      <![CDATA[Trying to find Element By : By.xpath: //div[@class='year-month-wrapper']//div[1]//div[2]]]>
    </line>
    <line>
      <![CDATA[Found Element By : By.xpath: //div[@class='year-month-wrapper']//div[1]//div[2]]]>
    </line>
    <line>
      <![CDATA[Trying to find Element By : By.xpath: //div[@class='year-month-wrapper']//div[1]//div[1]]]>
    </line>
    <line>
      <![CDATA[Found Element By : By.xpath: //div[@class='year-month-wrapper']//div[1]//div[1]]]>
    </line>
    <line>
      <![CDATA[Trying to find Element By : By.xpath: //div[@class='year-month-wrapper']//div[@class='year-month']//div]]>
    </line>
    <line>
      <![CDATA[Found Element By : By.xpath: //div[@class='year-month-wrapper']//div[@class='year-month']//div]]>
    </line>
    <line>
      <![CDATA[Trying to find Element By : By.xpath: //div[@class='year-month-wrapper']//div[@class='year-month']//div]]>
    </line>
    <line>
      <![CDATA[Found Element By : By.xpath: //div[@class='year-month-wrapper']//div[@class='year-month']//div]]>
    </line>
    <line>
      <![CDATA[Trying to find Element By : By.xpath: //div[@class='year-month-wrapper']//div[@class='year-month']//div]]>
    </line>
    <line>
      <![CDATA[Found Element By : By.xpath: //div[@class='year-month-wrapper']//div[@class='year-month']//div]]>
    </line>
    <line>
      <![CDATA[Trying to find Element By : By.xpath: //div[@class='year-month-wrapper']//div[@class='year-month']//div]]>
    </line>
    <line>
      <![CDATA[Found Element By : By.xpath: //div[@class='year-month-wrapper']//div[@class='year-month']//div]]>
    </line>
    <line>
      <![CDATA[Trying to find Element By : By.xpath: //div[@class='year-month-wrapper']//div[@class='year-month']//div]]>
    </line>
    <line>
      <![CDATA[Found Element By : By.xpath: //div[@class='year-month-wrapper']//div[@class='year-month']//div]]>
    </line>
    <line>
      <![CDATA[Trying to find Element By : By.xpath: //div[@class='year-month-wrapper']//div[@class='year-month']//div]]>
    </line>
    <line>
      <![CDATA[Found Element By : By.xpath: //div[@class='year-month-wrapper']//div[@class='year-month']//div]]>
    </line>
    <line>
      <![CDATA[Trying to find Element By : By.xpath: //div[@class='year-month-wrapper']//div[@class='year-month']//div]]>
    </line>
    <line>
      <![CDATA[Found Element By : By.xpath: //div[@class='year-month-wrapper']//div[@class='year-month']//div]]>
    </line>
    <line>
      <![CDATA[Trying to find Element By : By.xpath: //div[@class='year-month-wrapper']//div[@class='year-month']//div]]>
    </line>
    <line>
      <![CDATA[Found Element By : By.xpath: //div[@class='year-month-wrapper']//div[@class='year-month']//div]]>
    </line>
    <line>
      <![CDATA[Trying to find Element By : By.xpath: //div[@class='year-month-wrapper']//div[@class='year-month']//div]]>
    </line>
    <line>
      <![CDATA[Found Element By : By.xpath: //div[@class='year-month-wrapper']//div[@class='year-month']//div]]>
    </line>
    <line>
      <![CDATA[Trying to find Element By : By.xpath: //div[@class='year-month-wrapper']//div[@class='year-month']//div]]>
    </line>
    <line>
      <![CDATA[Found Element By : By.xpath: //div[@class='year-month-wrapper']//div[@class='year-month']//div]]>
    </line>
    <line>
      <![CDATA[Trying to find Element By : By.xpath: //div[@class='year-month-wrapper']//div[@class='year-month']//div]]>
    </line>
    <line>
      <![CDATA[Found Element By : By.xpath: //div[@class='year-month-wrapper']//div[@class='year-month']//div]]>
    </line>
    <line>
      <![CDATA[Trying to find Element By : By.xpath: //div[@class='year-month-wrapper']//div[@class='year-month']//div]]>
    </line>
    <line>
      <![CDATA[Found Element By : By.xpath: //div[@class='year-month-wrapper']//div[@class='year-month']//div]]>
    </line>
    <line>
      <![CDATA[Trying to find Element By : By.xpath: //div[@class='year-month-wrapper']//div[@class='year-month']//div]]>
    </line>
    <line>
      <![CDATA[Found Element By : By.xpath: //div[@class='year-month-wrapper']//div[@class='year-month']//div]]>
    </line>
    <line>
      <![CDATA[Trying to find Element By : By.xpath: //div[@class='year-month-wrapper']//div[@class='year-month']//div]]>
    </line>
    <line>
      <![CDATA[Found Element By : By.xpath: //div[@class='year-month-wrapper']//div[@class='year-month']//div]]>
    </line>
    <line>
      <![CDATA[Trying to find Element By : By.xpath: //div[@class='year-month-wrapper']//div[@class='year-month']//div]]>
    </line>
    <line>
      <![CDATA[Found Element By : By.xpath: //div[@class='year-month-wrapper']//div[@class='year-month']//div]]>
    </line>
    <line>
      <![CDATA[Trying to find Element By : By.linkText: Dashboard]]>
    </line>
    <line>
      <![CDATA[Found Element By : By.linkText: Dashboard]]>
    </line>
    <line>
      <![CDATA[Trying to find Element By : By.xpath: //*[local-name() = 'svg']/*[name()='g' and @class = 'highcharts-axis-labels highcharts-xaxis-labels']/*[name() = 'text'][@text-anchor='end']]]>
    </line>
    <line>
      <![CDATA[Found Element By : By.xpath: //*[local-name() = 'svg']/*[name()='g' and @class = 'highcharts-axis-labels highcharts-xaxis-labels']/*[name() = 'text'][@text-anchor='end']]]>
    </line>
    <line>
      <![CDATA[Trying to find Element By : By.xpath: //*[local-name() = 'svg']//*[name()='g' and @class = 'highcharts-series highcharts-series-0 highcharts-column-series highcharts-tracker']/*[name() = 'rect']]]>
    </line>
    <line>
      <![CDATA[Found Element By : By.xpath: //*[local-name() = 'svg']//*[name()='g' and @class = 'highcharts-series highcharts-series-0 highcharts-column-series highcharts-tracker']/*[name() = 'rect']]]>
    </line>
    <line>
      <![CDATA[Trying to find Element By : By.xpath: //*[local-name() = 'svg']/*[name()='g' and @class = 'highcharts-data-labels highcharts-series-0 highcharts-column-series highcharts-tracker']/*[name() = 'g'][1]/*[name()='text']/*[name()='tspan']]]>
    </line>
    <line>
      <![CDATA[Found Element By : By.xpath: //*[local-name() = 'svg']/*[name()='g' and @class = 'highcharts-data-labels highcharts-series-0 highcharts-column-series highcharts-tracker']/*[name() = 'g'][1]/*[name()='text']/*[name()='tspan']]]>
    </line>
    <line>
      <![CDATA[Trying to find Element By : By.xpath: //*[local-name() = 'svg']/*[name()='g' and @class = 'highcharts-axis-labels highcharts-xaxis-labels']/*[name() = 'text'][@text-anchor='end']]]>
    </line>
    <line>
      <![CDATA[Found Element By : By.xpath: //*[local-name() = 'svg']/*[name()='g' and @class = 'highcharts-axis-labels highcharts-xaxis-labels']/*[name() = 'text'][@text-anchor='end']]]>
    </line>
    <line>
      <![CDATA[Trying to find Element By : By.xpath: //*[local-name() = 'svg']/*[name()='g' and @class = 'highcharts-data-labels highcharts-series-0 highcharts-column-series highcharts-tracker']/*[name() = 'g'][2]/*[name()='text']/*[name()='tspan']]]>
    </line>
    <line>
      <![CDATA[Found Element By : By.xpath: //*[local-name() = 'svg']/*[name()='g' and @class = 'highcharts-data-labels highcharts-series-0 highcharts-column-series highcharts-tracker']/*[name() = 'g'][2]/*[name()='text']/*[name()='tspan']]]>
    </line>
    <line>
      <![CDATA[Trying to find Element By : By.xpath: //*[local-name() = 'svg']/*[name()='g' and @class = 'highcharts-axis-labels highcharts-xaxis-labels']/*[name() = 'text'][@text-anchor='end']]]>
    </line>
    <line>
      <![CDATA[Found Element By : By.xpath: //*[local-name() = 'svg']/*[name()='g' and @class = 'highcharts-axis-labels highcharts-xaxis-labels']/*[name() = 'text'][@text-anchor='end']]]>
    </line>
    <line>
      <![CDATA[Trying to find Element By : By.xpath: //*[local-name() = 'svg']/*[name()='g' and @class = 'highcharts-data-labels highcharts-series-0 highcharts-column-series highcharts-tracker']/*[name() = 'g'][3]/*[name()='text']/*[name()='tspan']]]>
    </line>
    <line>
      <![CDATA[Found Element By : By.xpath: //*[local-name() = 'svg']/*[name()='g' and @class = 'highcharts-data-labels highcharts-series-0 highcharts-column-series highcharts-tracker']/*[name() = 'g'][3]/*[name()='text']/*[name()='tspan']]]>
    </line>
    <line>
      <![CDATA[Trying to find Element By : By.xpath: //*[local-name() = 'svg']/*[name()='g' and @class = 'highcharts-axis-labels highcharts-xaxis-labels']/*[name() = 'text'][@text-anchor='end']]]>
    </line>
    <line>
      <![CDATA[Found Element By : By.xpath: //*[local-name() = 'svg']/*[name()='g' and @class = 'highcharts-axis-labels highcharts-xaxis-labels']/*[name() = 'text'][@text-anchor='end']]]>
    </line>
    <line>
      <![CDATA[Trying to find Element By : By.xpath: //*[local-name() = 'svg']/*[name()='g' and @class = 'highcharts-data-labels highcharts-series-0 highcharts-column-series highcharts-tracker']/*[name() = 'g'][4]/*[name()='text']/*[name()='tspan']]]>
    </line>
    <line>
      <![CDATA[Found Element By : By.xpath: //*[local-name() = 'svg']/*[name()='g' and @class = 'highcharts-data-labels highcharts-series-0 highcharts-column-series highcharts-tracker']/*[name() = 'g'][4]/*[name()='text']/*[name()='tspan']]]>
    </line>
    <line>
      <![CDATA[Trying to find Element By : By.xpath: //*[local-name() = 'svg']/*[name()='g' and @class = 'highcharts-axis-labels highcharts-xaxis-labels']/*[name() = 'text'][@text-anchor='end']]]>
    </line>
    <line>
      <![CDATA[Found Element By : By.xpath: //*[local-name() = 'svg']/*[name()='g' and @class = 'highcharts-axis-labels highcharts-xaxis-labels']/*[name() = 'text'][@text-anchor='end']]]>
    </line>
    <line>
      <![CDATA[Trying to find Element By : By.xpath: //*[local-name() = 'svg']/*[name()='g' and @class = 'highcharts-data-labels highcharts-series-0 highcharts-column-series highcharts-tracker']/*[name() = 'g'][5]/*[name()='text']/*[name()='tspan']]]>
    </line>
    <line>
      <![CDATA[Found Element By : By.xpath: //*[local-name() = 'svg']/*[name()='g' and @class = 'highcharts-data-labels highcharts-series-0 highcharts-column-series highcharts-tracker']/*[name() = 'g'][5]/*[name()='text']/*[name()='tspan']]]>
    </line>
    <line>
      <![CDATA[Trying to find Element By : By.xpath: //*[local-name() = 'svg']/*[name()='g' and @class = 'highcharts-axis-labels highcharts-xaxis-labels']/*[name() = 'text'][@text-anchor='end']]]>
    </line>
    <line>
      <![CDATA[Found Element By : By.xpath: //*[local-name() = 'svg']/*[name()='g' and @class = 'highcharts-axis-labels highcharts-xaxis-labels']/*[name() = 'text'][@text-anchor='end']]]>
    </line>
    <line>
      <![CDATA[Trying to find Element By : By.xpath: //*[local-name() = 'svg']/*[name()='g' and @class = 'highcharts-data-labels highcharts-series-0 highcharts-column-series highcharts-tracker']/*[name() = 'g'][6]/*[name()='text']/*[name()='tspan']]]>
    </line>
    <line>
      <![CDATA[Found Element By : By.xpath: //*[local-name() = 'svg']/*[name()='g' and @class = 'highcharts-data-labels highcharts-series-0 highcharts-column-series highcharts-tracker']/*[name() = 'g'][6]/*[name()='text']/*[name()='tspan']]]>
    </line>
    <line>
      <![CDATA[Trying to find Element By : By.xpath: //*[local-name() = 'svg']/*[name()='g' and @class = 'highcharts-axis-labels highcharts-xaxis-labels']/*[name() = 'text'][@text-anchor='end']]]>
    </line>
    <line>
      <![CDATA[Found Element By : By.xpath: //*[local-name() = 'svg']/*[name()='g' and @class = 'highcharts-axis-labels highcharts-xaxis-labels']/*[name() = 'text'][@text-anchor='end']]]>
    </line>
    <line>
      <![CDATA[Exception occured: java.lang.NoSuchMethodError: 'java.util.Optional org.openqa.selenium.devtools.HasDevTools.maybeGetDevTools()']]>
    </line>
  </reporter-output>
  <suite started-at="2022-01-05T08:19:55Z" name="Suite" finished-at="2022-01-05T08:21:15Z" duration-ms="80060">
    <groups>
    </groups>
    <test started-at="2022-01-05T08:19:55Z" name="Test" finished-at="2022-01-05T08:21:15Z" duration-ms="80060">
      <class name="testcasae.TC006_Dashboard">
        <test-method is-config="true" signature="extentFileCreation()[pri:0, instance:testcasae.TC006_Dashboard@2eae8e6e]" started-at="2022-01-05T13:49:54Z" name="extentFileCreation" finished-at="2022-01-05T13:49:55Z" duration-ms="215" status="PASS">
          <reporter-output>
          </reporter-output>
        </test-method> <!-- extentFileCreation -->
        <test-method is-config="true" signature="launchApplication(java.lang.String)[pri:0, instance:testcasae.TC006_Dashboard@2eae8e6e]" started-at="2022-01-05T13:49:55Z" name="launchApplication" finished-at="2022-01-05T13:50:18Z" duration-ms="23619" status="PASS">
          <params>
            <param index="0">
              <value>
                <![CDATA[Chrome]]>
              </value>
            </param>
          </params>
          <reporter-output>
          </reporter-output>
        </test-method> <!-- launchApplication -->
        <test-method is-config="true" signature="getFunctionName(java.lang.reflect.Method)[pri:0, instance:testcasae.TC006_Dashboard@2eae8e6e]" started-at="2022-01-05T13:50:18Z" name="getFunctionName" finished-at="2022-01-05T13:50:18Z" duration-ms="5" status="PASS">
          <params>
            <param index="0">
              <value>
                <![CDATA[public void testcasae.TC006_Dashboard.loginTest() throws java.lang.Throwable]]>
              </value>
            </param>
          </params>
          <reporter-output>
          </reporter-output>
        </test-method> <!-- getFunctionName -->
        <test-method signature="loginTest()[pri:1, instance:testcasae.TC006_Dashboard@2eae8e6e]" started-at="2022-01-05T13:50:18Z" name="loginTest" finished-at="2022-01-05T13:50:40Z" duration-ms="21366" status="PASS">
          <reporter-output>
            <line>
              <![CDATA[Trying to find Element By : By.xpath: //button[@id='login-btn-lp']]]>
            </line>
            <line>
              <![CDATA[Found Element By : By.xpath: //button[@id='login-btn-lp']]]>
            </line>
            <line>
              <![CDATA[Trying to find Element By : By.xpath: //input[@name='username']]]>
            </line>
            <line>
              <![CDATA[Found Element By : By.xpath: //input[@name='username']]]>
            </line>
            <line>
              <![CDATA[Trying to find Element By : By.xpath: //input[@name='username']]]>
            </line>
            <line>
              <![CDATA[Found Element By : By.xpath: //input[@name='username']]]>
            </line>
            <line>
              <![CDATA[Trying to find Element By : By.xpath: //input[@id='pass-field']]]>
            </line>
            <line>
              <![CDATA[Found Element By : By.xpath: //input[@id='pass-field']]]>
            </line>
            <line>
              <![CDATA[Trying to find Element By : By.xpath: //input[@id='pass-field']]]>
            </line>
            <line>
              <![CDATA[Found Element By : By.xpath: //input[@id='pass-field']]]>
            </line>
            <line>
              <![CDATA[Trying to find Element By : By.xpath: //button[normalize-space()='Login']]]>
            </line>
            <line>
              <![CDATA[Found Element By : By.xpath: //button[normalize-space()='Login']]]>
            </line>
            <line>
              <![CDATA[Before navigating to: 'https://yopmail.com']]>
            </line>
            <line>
              <![CDATA[Navigated to:'https://yopmail.com']]>
            </line>
            <line>
              <![CDATA[Trying to find Element By : By.xpath: 	//input[@id='login']]]>
            </line>
            <line>
              <![CDATA[Found Element By : By.xpath: 	//input[@id='login']]]>
            </line>
            <line>
              <![CDATA[Trying to find Element By : By.xpath: //body//div[@class='mctn']//div]]>
            </line>
            <line>
              <![CDATA[Found Element By : By.xpath: //body//div[@class='mctn']//div]]>
            </line>
            <line>
              <![CDATA[Trying to find Element By : By.cssSelector: span[class='ellipsis']]]>
            </line>
            <line>
              <![CDATA[Found Element By : By.cssSelector: span[class='ellipsis']]]>
            </line>
            <line>
              <![CDATA[Trying to find Element By : By.cssSelector: span[class='ellipsis']]]>
            </line>
            <line>
              <![CDATA[Found Element By : By.cssSelector: span[class='ellipsis']]]>
            </line>
            <line>
              <![CDATA[Trying to find Element By : By.xpath: //tbody//tr[2]/td[1]//p]]>
            </line>
            <line>
              <![CDATA[Found Element By : By.xpath: //tbody//tr[2]/td[1]//p]]>
            </line>
            <line>
              <![CDATA[Trying to find Element By : By.xpath: //input[@id='pass-field']]]>
            </line>
            <line>
              <![CDATA[Found Element By : By.xpath: //input[@id='pass-field']]]>
            </line>
            <line>
              <![CDATA[Trying to find Element By : By.cssSelector: #login-btn-lp[type='submit']]]>
            </line>
            <line>
              <![CDATA[Found Element By : By.cssSelector: #login-btn-lp[type='submit']]]>
            </line>
            <line>
              <![CDATA[Trying to find Element By : By.xpath: //span[@class='capitalize mv-short']]]>
            </line>
            <line>
              <![CDATA[Found Element By : By.xpath: //span[@class='capitalize mv-short']]]>
            </line>
          </reporter-output>
        </test-method> <!-- loginTest -->
        <test-method is-config="true" signature="getFunctionName(java.lang.reflect.Method)[pri:0, instance:testcasae.TC006_Dashboard@2eae8e6e]" started-at="2022-01-05T13:50:40Z" name="getFunctionName" finished-at="2022-01-05T13:50:40Z" duration-ms="1" status="PASS">
          <params>
            <param index="0">
              <value>
                <![CDATA[public void testcasae.TC006_Dashboard.porFolioPageTest() throws java.lang.Throwable]]>
              </value>
            </param>
          </params>
          <reporter-output>
          </reporter-output>
        </test-method> <!-- getFunctionName -->
        <test-method signature="porFolioPageTest()[pri:2, instance:testcasae.TC006_Dashboard@2eae8e6e]" started-at="2022-01-05T13:50:40Z" name="porFolioPageTest" finished-at="2022-01-05T13:51:14Z" duration-ms="34083" status="PASS">
          <reporter-output>
            <line>
              <![CDATA[Trying to find Element By : By.xpath: //table[@class='capitalize admin_portfolio_table table']//tbody//tr[1]//td[1]//a]]>
            </line>
            <line>
              <![CDATA[Exception occured: org.openqa.selenium.NoSuchElementException: no such element: Unable to locate element: {"method":"xpath","selector":"//table[@class='capitalize admin_portfolio_table table']//tbody//tr[1]//td[1]//a"}
  (Session info: chrome=97.0.4692.71)
For documentation on this error, please visit: https://selenium.dev/exceptions/#no_such_element
Build info: version: '4.0.0-rc-1', revision: 'bc5511cbda'
System info: host: 'Avirajs-MacBook-Air.local', ip: 'fe80:0:0:0:87f:e35f:eda8:767e%en0', os.name: 'Mac OS X', os.arch: 'x86_64', os.version: '11.1', java.version: '16.0.2'
Driver info: org.openqa.selenium.chrome.ChromeDriver
Command: [db4afcfa2c1799d6c040f7d04dc2fada, findElement {using=xpath, value=//table[@class='capitalize admin_portfolio_table table']//tbody//tr[1]//td[1]//a}]
Capabilities {acceptInsecureCerts: false, browserName: chrome, browserVersion: 97.0.4692.71, chrome: {chromedriverVersion: 97.0.4692.36 (747e0a0f19c13..., userDataDir: /var/folders/26/gxg2cjsd2dl...}, goog:chromeOptions: {debuggerAddress: localhost:64794}, javascriptEnabled: true, networkConnectionEnabled: false, pageLoadStrategy: normal, platform: MAC, platformName: MAC, proxy: Proxy(), se:cdp: ws://localhost:64794/devtoo..., se:cdpVersion: 97.0.4692.71, setWindowRect: true, strictFileInteractability: false, timeouts: {implicit: 0, pageLoad: 300000, script: 30000}, unhandledPromptBehavior: dismiss and notify, webauthn:extension:credBlob: true, webauthn:extension:largeBlob: true, webauthn:virtualAuthenticators: true}
Session ID: db4afcfa2c1799d6c040f7d04dc2fada]]>
            </line>
            <line>
              <![CDATA[Trying to find Element By : By.xpath: //table[@class='capitalize admin_portfolio_table table']//tbody//tr[1]//td[1]//a]]>
            </line>
            <line>
              <![CDATA[Exception occured: org.openqa.selenium.NoSuchElementException: no such element: Unable to locate element: {"method":"xpath","selector":"//table[@class='capitalize admin_portfolio_table table']//tbody//tr[1]//td[1]//a"}
  (Session info: chrome=97.0.4692.71)
For documentation on this error, please visit: https://selenium.dev/exceptions/#no_such_element
Build info: version: '4.0.0-rc-1', revision: 'bc5511cbda'
System info: host: 'Avirajs-MacBook-Air.local', ip: 'fe80:0:0:0:87f:e35f:eda8:767e%en0', os.name: 'Mac OS X', os.arch: 'x86_64', os.version: '11.1', java.version: '16.0.2'
Driver info: org.openqa.selenium.chrome.ChromeDriver
Command: [db4afcfa2c1799d6c040f7d04dc2fada, findElement {using=xpath, value=//table[@class='capitalize admin_portfolio_table table']//tbody//tr[1]//td[1]//a}]
Capabilities {acceptInsecureCerts: false, browserName: chrome, browserVersion: 97.0.4692.71, chrome: {chromedriverVersion: 97.0.4692.36 (747e0a0f19c13..., userDataDir: /var/folders/26/gxg2cjsd2dl...}, goog:chromeOptions: {debuggerAddress: localhost:64794}, javascriptEnabled: true, networkConnectionEnabled: false, pageLoadStrategy: normal, platform: MAC, platformName: MAC, proxy: Proxy(), se:cdp: ws://localhost:64794/devtoo..., se:cdpVersion: 97.0.4692.71, setWindowRect: true, strictFileInteractability: false, timeouts: {implicit: 0, pageLoad: 300000, script: 30000}, unhandledPromptBehavior: dismiss and notify, webauthn:extension:credBlob: true, webauthn:extension:largeBlob: true, webauthn:virtualAuthenticators: true}
Session ID: db4afcfa2c1799d6c040f7d04dc2fada]]>
            </line>
            <line>
              <![CDATA[Trying to find Element By : By.xpath: //table[@class='capitalize admin_portfolio_table table']//tbody//tr[1]//td[1]//a]]>
            </line>
            <line>
              <![CDATA[Found Element By : By.xpath: //table[@class='capitalize admin_portfolio_table table']//tbody//tr[1]//td[1]//a]]>
            </line>
            <line>
              <![CDATA[Trying to find Element By : By.xpath: //table[@class='capitalize admin_portfolio_table table']//tbody//tr[1]//td[1]//a]]>
            </line>
            <line>
              <![CDATA[Found Element By : By.xpath: //table[@class='capitalize admin_portfolio_table table']//tbody//tr[1]//td[1]//a]]>
            </line>
            <line>
              <![CDATA[Trying to find Element By : By.xpath: //body/div[@id='root']/div[1]/div[2]/main[1]/div[1]/div[1]/div[5]/div[1]/div[1]/div[1]/div[1]]]>
            </line>
            <line>
              <![CDATA[Found Element By : By.xpath: //body/div[@id='root']/div[1]/div[2]/main[1]/div[1]/div[1]/div[5]/div[1]/div[1]/div[1]/div[1]]]>
            </line>
            <line>
              <![CDATA[Trying to find Element By : By.xpath: //div[@id='allocation_dropdown']//button[@id='dropdown_toggle']]]>
            </line>
            <line>
              <![CDATA[Found Element By : By.xpath: //div[@id='allocation_dropdown']//button[@id='dropdown_toggle']]]>
            </line>
            <line>
              <![CDATA[Trying to find Element By : By.xpath: //div[@class='dropdown-menu show']//button[2]]]>
            </line>
            <line>
              <![CDATA[Found Element By : By.xpath: //div[@class='dropdown-menu show']//button[2]]]>
            </line>
            <line>
              <![CDATA[Trying to find Element By : By.xpath: //div[@class='year-month-wrapper']//div[1]//div[2]]]>
            </line>
            <line>
              <![CDATA[Found Element By : By.xpath: //div[@class='year-month-wrapper']//div[1]//div[2]]]>
            </line>
            <line>
              <![CDATA[Trying to find Element By : By.xpath: //div[@class='year-month-wrapper']//div[1]//div[1]]]>
            </line>
            <line>
              <![CDATA[Found Element By : By.xpath: //div[@class='year-month-wrapper']//div[1]//div[1]]]>
            </line>
            <line>
              <![CDATA[Trying to find Element By : By.xpath: //div[@class='year-month-wrapper']//div[@class='year-month']//div]]>
            </line>
            <line>
              <![CDATA[Found Element By : By.xpath: //div[@class='year-month-wrapper']//div[@class='year-month']//div]]>
            </line>
            <line>
              <![CDATA[Trying to find Element By : By.xpath: //div[@class='year-month-wrapper']//div[@class='year-month']//div]]>
            </line>
            <line>
              <![CDATA[Found Element By : By.xpath: //div[@class='year-month-wrapper']//div[@class='year-month']//div]]>
            </line>
            <line>
              <![CDATA[Trying to find Element By : By.xpath: //div[@class='year-month-wrapper']//div[@class='year-month']//div]]>
            </line>
            <line>
              <![CDATA[Found Element By : By.xpath: //div[@class='year-month-wrapper']//div[@class='year-month']//div]]>
            </line>
            <line>
              <![CDATA[Trying to find Element By : By.xpath: //div[@class='year-month-wrapper']//div[@class='year-month']//div]]>
            </line>
            <line>
              <![CDATA[Found Element By : By.xpath: //div[@class='year-month-wrapper']//div[@class='year-month']//div]]>
            </line>
            <line>
              <![CDATA[Trying to find Element By : By.xpath: //div[@class='year-month-wrapper']//div[@class='year-month']//div]]>
            </line>
            <line>
              <![CDATA[Found Element By : By.xpath: //div[@class='year-month-wrapper']//div[@class='year-month']//div]]>
            </line>
            <line>
              <![CDATA[Trying to find Element By : By.xpath: //div[@class='year-month-wrapper']//div[@class='year-month']//div]]>
            </line>
            <line>
              <![CDATA[Found Element By : By.xpath: //div[@class='year-month-wrapper']//div[@class='year-month']//div]]>
            </line>
            <line>
              <![CDATA[Trying to find Element By : By.xpath: //div[@class='year-month-wrapper']//div[@class='year-month']//div]]>
            </line>
            <line>
              <![CDATA[Found Element By : By.xpath: //div[@class='year-month-wrapper']//div[@class='year-month']//div]]>
            </line>
            <line>
              <![CDATA[Trying to find Element By : By.xpath: //div[@class='year-month-wrapper']//div[@class='year-month']//div]]>
            </line>
            <line>
              <![CDATA[Found Element By : By.xpath: //div[@class='year-month-wrapper']//div[@class='year-month']//div]]>
            </line>
            <line>
              <![CDATA[Trying to find Element By : By.xpath: //div[@class='year-month-wrapper']//div[@class='year-month']//div]]>
            </line>
            <line>
              <![CDATA[Found Element By : By.xpath: //div[@class='year-month-wrapper']//div[@class='year-month']//div]]>
            </line>
            <line>
              <![CDATA[Trying to find Element By : By.xpath: //div[@class='year-month-wrapper']//div[@class='year-month']//div]]>
            </line>
            <line>
              <![CDATA[Found Element By : By.xpath: //div[@class='year-month-wrapper']//div[@class='year-month']//div]]>
            </line>
            <line>
              <![CDATA[Trying to find Element By : By.xpath: //div[@class='year-month-wrapper']//div[@class='year-month']//div]]>
            </line>
            <line>
              <![CDATA[Found Element By : By.xpath: //div[@class='year-month-wrapper']//div[@class='year-month']//div]]>
            </line>
            <line>
              <![CDATA[Trying to find Element By : By.xpath: //div[@class='year-month-wrapper']//div[@class='year-month']//div]]>
            </line>
            <line>
              <![CDATA[Found Element By : By.xpath: //div[@class='year-month-wrapper']//div[@class='year-month']//div]]>
            </line>
            <line>
              <![CDATA[Trying to find Element By : By.xpath: //div[@class='year-month-wrapper']//div[@class='year-month']//div]]>
            </line>
            <line>
              <![CDATA[Found Element By : By.xpath: //div[@class='year-month-wrapper']//div[@class='year-month']//div]]>
            </line>
            <line>
              <![CDATA[Trying to find Element By : By.xpath: //div[@class='year-month-wrapper']//div[@class='year-month']//div]]>
            </line>
            <line>
              <![CDATA[Found Element By : By.xpath: //div[@class='year-month-wrapper']//div[@class='year-month']//div]]>
            </line>
            <line>
              <![CDATA[Trying to find Element By : By.xpath: //div[@class='year-month-wrapper']//div[@class='year-month']//div]]>
            </line>
            <line>
              <![CDATA[Found Element By : By.xpath: //div[@class='year-month-wrapper']//div[@class='year-month']//div]]>
            </line>
            <line>
              <![CDATA[Trying to find Element By : By.linkText: Dashboard]]>
            </line>
            <line>
              <![CDATA[Found Element By : By.linkText: Dashboard]]>
            </line>
            <line>
              <![CDATA[Trying to find Element By : By.xpath: //*[local-name() = 'svg']/*[name()='g' and @class = 'highcharts-axis-labels highcharts-xaxis-labels']/*[name() = 'text'][@text-anchor='end']]]>
            </line>
            <line>
              <![CDATA[Found Element By : By.xpath: //*[local-name() = 'svg']/*[name()='g' and @class = 'highcharts-axis-labels highcharts-xaxis-labels']/*[name() = 'text'][@text-anchor='end']]]>
            </line>
            <line>
              <![CDATA[Trying to find Element By : By.xpath: //*[local-name() = 'svg']//*[name()='g' and @class = 'highcharts-series highcharts-series-0 highcharts-column-series highcharts-tracker']/*[name() = 'rect']]]>
            </line>
            <line>
              <![CDATA[Found Element By : By.xpath: //*[local-name() = 'svg']//*[name()='g' and @class = 'highcharts-series highcharts-series-0 highcharts-column-series highcharts-tracker']/*[name() = 'rect']]]>
            </line>
            <line>
              <![CDATA[Trying to find Element By : By.xpath: //*[local-name() = 'svg']/*[name()='g' and @class = 'highcharts-data-labels highcharts-series-0 highcharts-column-series highcharts-tracker']/*[name() = 'g'][1]/*[name()='text']/*[name()='tspan']]]>
            </line>
            <line>
              <![CDATA[Found Element By : By.xpath: //*[local-name() = 'svg']/*[name()='g' and @class = 'highcharts-data-labels highcharts-series-0 highcharts-column-series highcharts-tracker']/*[name() = 'g'][1]/*[name()='text']/*[name()='tspan']]]>
            </line>
            <line>
              <![CDATA[Trying to find Element By : By.xpath: //*[local-name() = 'svg']/*[name()='g' and @class = 'highcharts-axis-labels highcharts-xaxis-labels']/*[name() = 'text'][@text-anchor='end']]]>
            </line>
            <line>
              <![CDATA[Found Element By : By.xpath: //*[local-name() = 'svg']/*[name()='g' and @class = 'highcharts-axis-labels highcharts-xaxis-labels']/*[name() = 'text'][@text-anchor='end']]]>
            </line>
            <line>
              <![CDATA[Trying to find Element By : By.xpath: //*[local-name() = 'svg']/*[name()='g' and @class = 'highcharts-data-labels highcharts-series-0 highcharts-column-series highcharts-tracker']/*[name() = 'g'][2]/*[name()='text']/*[name()='tspan']]]>
            </line>
            <line>
              <![CDATA[Found Element By : By.xpath: //*[local-name() = 'svg']/*[name()='g' and @class = 'highcharts-data-labels highcharts-series-0 highcharts-column-series highcharts-tracker']/*[name() = 'g'][2]/*[name()='text']/*[name()='tspan']]]>
            </line>
            <line>
              <![CDATA[Trying to find Element By : By.xpath: //*[local-name() = 'svg']/*[name()='g' and @class = 'highcharts-axis-labels highcharts-xaxis-labels']/*[name() = 'text'][@text-anchor='end']]]>
            </line>
            <line>
              <![CDATA[Found Element By : By.xpath: //*[local-name() = 'svg']/*[name()='g' and @class = 'highcharts-axis-labels highcharts-xaxis-labels']/*[name() = 'text'][@text-anchor='end']]]>
            </line>
            <line>
              <![CDATA[Trying to find Element By : By.xpath: //*[local-name() = 'svg']/*[name()='g' and @class = 'highcharts-data-labels highcharts-series-0 highcharts-column-series highcharts-tracker']/*[name() = 'g'][3]/*[name()='text']/*[name()='tspan']]]>
            </line>
            <line>
              <![CDATA[Found Element By : By.xpath: //*[local-name() = 'svg']/*[name()='g' and @class = 'highcharts-data-labels highcharts-series-0 highcharts-column-series highcharts-tracker']/*[name() = 'g'][3]/*[name()='text']/*[name()='tspan']]]>
            </line>
            <line>
              <![CDATA[Trying to find Element By : By.xpath: //*[local-name() = 'svg']/*[name()='g' and @class = 'highcharts-axis-labels highcharts-xaxis-labels']/*[name() = 'text'][@text-anchor='end']]]>
            </line>
            <line>
              <![CDATA[Found Element By : By.xpath: //*[local-name() = 'svg']/*[name()='g' and @class = 'highcharts-axis-labels highcharts-xaxis-labels']/*[name() = 'text'][@text-anchor='end']]]>
            </line>
            <line>
              <![CDATA[Trying to find Element By : By.xpath: //*[local-name() = 'svg']/*[name()='g' and @class = 'highcharts-data-labels highcharts-series-0 highcharts-column-series highcharts-tracker']/*[name() = 'g'][4]/*[name()='text']/*[name()='tspan']]]>
            </line>
            <line>
              <![CDATA[Found Element By : By.xpath: //*[local-name() = 'svg']/*[name()='g' and @class = 'highcharts-data-labels highcharts-series-0 highcharts-column-series highcharts-tracker']/*[name() = 'g'][4]/*[name()='text']/*[name()='tspan']]]>
            </line>
            <line>
              <![CDATA[Trying to find Element By : By.xpath: //*[local-name() = 'svg']/*[name()='g' and @class = 'highcharts-axis-labels highcharts-xaxis-labels']/*[name() = 'text'][@text-anchor='end']]]>
            </line>
            <line>
              <![CDATA[Found Element By : By.xpath: //*[local-name() = 'svg']/*[name()='g' and @class = 'highcharts-axis-labels highcharts-xaxis-labels']/*[name() = 'text'][@text-anchor='end']]]>
            </line>
            <line>
              <![CDATA[Trying to find Element By : By.xpath: //*[local-name() = 'svg']/*[name()='g' and @class = 'highcharts-data-labels highcharts-series-0 highcharts-column-series highcharts-tracker']/*[name() = 'g'][5]/*[name()='text']/*[name()='tspan']]]>
            </line>
            <line>
              <![CDATA[Found Element By : By.xpath: //*[local-name() = 'svg']/*[name()='g' and @class = 'highcharts-data-labels highcharts-series-0 highcharts-column-series highcharts-tracker']/*[name() = 'g'][5]/*[name()='text']/*[name()='tspan']]]>
            </line>
            <line>
              <![CDATA[Trying to find Element By : By.xpath: //*[local-name() = 'svg']/*[name()='g' and @class = 'highcharts-axis-labels highcharts-xaxis-labels']/*[name() = 'text'][@text-anchor='end']]]>
            </line>
            <line>
              <![CDATA[Found Element By : By.xpath: //*[local-name() = 'svg']/*[name()='g' and @class = 'highcharts-axis-labels highcharts-xaxis-labels']/*[name() = 'text'][@text-anchor='end']]]>
            </line>
            <line>
              <![CDATA[Trying to find Element By : By.xpath: //*[local-name() = 'svg']/*[name()='g' and @class = 'highcharts-data-labels highcharts-series-0 highcharts-column-series highcharts-tracker']/*[name() = 'g'][6]/*[name()='text']/*[name()='tspan']]]>
            </line>
            <line>
              <![CDATA[Found Element By : By.xpath: //*[local-name() = 'svg']/*[name()='g' and @class = 'highcharts-data-labels highcharts-series-0 highcharts-column-series highcharts-tracker']/*[name() = 'g'][6]/*[name()='text']/*[name()='tspan']]]>
            </line>
            <line>
              <![CDATA[Trying to find Element By : By.xpath: //*[local-name() = 'svg']/*[name()='g' and @class = 'highcharts-axis-labels highcharts-xaxis-labels']/*[name() = 'text'][@text-anchor='end']]]>
            </line>
            <line>
              <![CDATA[Found Element By : By.xpath: //*[local-name() = 'svg']/*[name()='g' and @class = 'highcharts-axis-labels highcharts-xaxis-labels']/*[name() = 'text'][@text-anchor='end']]]>
            </line>
          </reporter-output>
        </test-method> <!-- porFolioPageTest -->
        <test-method is-config="true" signature="tearDown()[pri:0, instance:testcasae.TC006_Dashboard@2eae8e6e]" started-at="2022-01-05T13:51:14Z" name="tearDown" finished-at="2022-01-05T13:51:14Z" duration-ms="0" status="FAIL">
          <exception class="java.lang.NoSuchMethodError">
            <message>
              <![CDATA['java.util.Optional org.openqa.selenium.devtools.HasDevTools.maybeGetDevTools()']]>
            </message>
            <full-stacktrace>
              <![CDATA[java.lang.NoSuchMethodError: 'java.util.Optional org.openqa.selenium.devtools.HasDevTools.maybeGetDevTools()'
	at org.openqa.selenium.remote.RemoteWebDriver.close(RemoteWebDriver.java:441)
	at java.base/jdk.internal.reflect.NativeMethodAccessorImpl.invoke0(Native Method)
	at java.base/jdk.internal.reflect.NativeMethodAccessorImpl.invoke(NativeMethodAccessorImpl.java:78)
	at java.base/jdk.internal.reflect.DelegatingMethodAccessorImpl.invoke(DelegatingMethodAccessorImpl.java:43)
	at java.base/java.lang.reflect.Method.invoke(Method.java:567)
	at org.openqa.selenium.support.events.EventFiringWebDriver.lambda$new$1(EventFiringWebDriver.java:115)
	at jdk.proxy2/jdk.proxy2.$Proxy17.close(Unknown Source)
	at org.openqa.selenium.support.events.EventFiringWebDriver.close(EventFiringWebDriver.java:216)
	at base.TestBase.tearDown(TestBase.java:195)
	at java.base/jdk.internal.reflect.NativeMethodAccessorImpl.invoke0(Native Method)
	at java.base/jdk.internal.reflect.NativeMethodAccessorImpl.invoke(NativeMethodAccessorImpl.java:78)
	at java.base/jdk.internal.reflect.DelegatingMethodAccessorImpl.invoke(DelegatingMethodAccessorImpl.java:43)
	at java.base/java.lang.reflect.Method.invoke(Method.java:567)
	at org.testng.internal.MethodInvocationHelper.invokeMethod(MethodInvocationHelper.java:86)
	at org.testng.internal.Invoker.invokeConfigurationMethod(Invoker.java:514)
	at org.testng.internal.Invoker.invokeConfigurations(Invoker.java:215)
	at org.testng.internal.Invoker.invokeConfigurations(Invoker.java:142)
	at org.testng.TestRunner.afterRun(TestRunner.java:1012)
	at org.testng.TestRunner.run(TestRunner.java:636)
	at org.testng.SuiteRunner.runTest(SuiteRunner.java:366)
	at org.testng.SuiteRunner.runSequentially(SuiteRunner.java:361)
	at org.testng.SuiteRunner.privateRun(SuiteRunner.java:319)
	at org.testng.SuiteRunner.run(SuiteRunner.java:268)
	at org.testng.SuiteRunnerWorker.runSuite(SuiteRunnerWorker.java:52)
	at org.testng.SuiteRunnerWorker.run(SuiteRunnerWorker.java:86)
	at org.testng.TestNG.runSuitesSequentially(TestNG.java:1244)
	at org.testng.TestNG.runSuitesLocally(TestNG.java:1169)
	at org.testng.TestNG.run(TestNG.java:1064)
	at org.testng.remote.AbstractRemoteTestNG.run(AbstractRemoteTestNG.java:115)
	at org.testng.remote.RemoteTestNG.initAndRun(RemoteTestNG.java:251)
	at org.testng.remote.RemoteTestNG.main(RemoteTestNG.java:77)
]]>
            </full-stacktrace>
          </exception> <!-- java.lang.NoSuchMethodError -->
          <reporter-output>
            <line>
              <![CDATA[Exception occured: java.lang.NoSuchMethodError: 'java.util.Optional org.openqa.selenium.devtools.HasDevTools.maybeGetDevTools()']]>
            </line>
          </reporter-output>
        </test-method> <!-- tearDown -->
      </class> <!-- testcasae.TC006_Dashboard -->
    </test> <!-- Test -->
  </suite> <!-- Suite -->
</testng-results>
